<?xml version="1.0" encoding="UTF-8"?>
<testsuite xmlns:xsi="http://www.w3.org/2001/XMLSchema-instance" xsi:noNamespaceSchemaLocation="https://maven.apache.org/surefire/maven-surefire-plugin/xsd/surefire-test-report-3.0.xsd" version="3.0" name="ip.swagger.petstore.PetStoreTest" time="0.016" tests="0" errors="0" skipped="0" failures="0">
  <properties>
    <property name="sun.desktop" value="windows"/>
    <property name="awt.toolkit" value="sun.awt.windows.WToolkit"/>
    <property name="java.specification.version" value="11"/>
    <property name="sun.cpu.isalist" value="amd64"/>
    <property name="sun.jnu.encoding" value="Cp1252"/>
    <property name="java.class.path" value="C:\Users\lastrada\Challenge-QA-Automation\Second-Task\swagger-petstore\target\test-classes;C:\Users\lastrada\Challenge-QA-Automation\Second-Task\swagger-petstore\target\classes;C:\Users\lastrada\.m2\repository\com\fasterxml\jackson\core\jackson-databind\2.16.1\jackson-databind-2.16.1.jar;C:\Users\lastrada\.m2\repository\com\fasterxml\jackson\core\jackson-core\2.16.1\jackson-core-2.16.1.jar;C:\Users\lastrada\.m2\repository\com\fasterxml\jackson\core\jackson-annotations\2.16.1\jackson-annotations-2.16.1.jar;C:\Users\lastrada\.m2\repository\com\fasterxml\jackson\jaxrs\jackson-jaxrs-yaml-provider\2.16.1\jackson-jaxrs-yaml-provider-2.16.1.jar;C:\Users\lastrada\.m2\repository\com\fasterxml\jackson\jaxrs\jackson-jaxrs-base\2.16.1\jackson-jaxrs-base-2.16.1.jar;C:\Users\lastrada\.m2\repository\com\fasterxml\jackson\dataformat\jackson-dataformat-yaml\2.16.1\jackson-dataformat-yaml-2.16.1.jar;C:\Users\lastrada\.m2\repository\com\fasterxml\jackson\module\jackson-module-jaxb-annotations\2.16.1\jackson-module-jaxb-annotations-2.16.1.jar;C:\Users\lastrada\.m2\repository\jakarta\xml\bind\jakarta.xml.bind-api\2.3.3\jakarta.xml.bind-api-2.3.3.jar;C:\Users\lastrada\.m2\repository\jakarta\activation\jakarta.activation-api\1.2.2\jakarta.activation-api-1.2.2.jar;C:\Users\lastrada\.m2\repository\com\fasterxml\jackson\jaxrs\jackson-jaxrs-xml-provider\2.16.1\jackson-jaxrs-xml-provider-2.16.1.jar;C:\Users\lastrada\.m2\repository\com\fasterxml\jackson\dataformat\jackson-dataformat-xml\2.16.1\jackson-dataformat-xml-2.16.1.jar;C:\Users\lastrada\.m2\repository\org\codehaus\woodstox\stax2-api\4.2.1\stax2-api-4.2.1.jar;C:\Users\lastrada\.m2\repository\com\fasterxml\woodstox\woodstox-core\6.5.1\woodstox-core-6.5.1.jar;C:\Users\lastrada\.m2\repository\com\fasterxml\jackson\datatype\jackson-datatype-joda\2.16.1\jackson-datatype-joda-2.16.1.jar;C:\Users\lastrada\.m2\repository\joda-time\joda-time\2.10.14\joda-time-2.10.14.jar;C:\Users\lastrada\.m2\repository\io\swagger\core\v3\swagger-jaxrs2\2.2.17\swagger-jaxrs2-2.2.17.jar;C:\Users\lastrada\.m2\repository\io\github\classgraph\classgraph\4.8.162\classgraph-4.8.162.jar;C:\Users\lastrada\.m2\repository\org\javassist\javassist\3.29.2-GA\javassist-3.29.2-GA.jar;C:\Users\lastrada\.m2\repository\io\swagger\core\v3\swagger-models\2.2.17\swagger-models-2.2.17.jar;C:\Users\lastrada\.m2\repository\org\yaml\snakeyaml\2.2\snakeyaml-2.2.jar;C:\Users\lastrada\.m2\repository\io\swagger\core\v3\swagger-annotations\2.2.17\swagger-annotations-2.2.17.jar;C:\Users\lastrada\.m2\repository\io\swagger\core\v3\swagger-integration\2.2.17\swagger-integration-2.2.17.jar;C:\Users\lastrada\.m2\repository\io\swagger\core\v3\swagger-core\2.2.17\swagger-core-2.2.17.jar;C:\Users\lastrada\.m2\repository\com\fasterxml\jackson\datatype\jackson-datatype-jsr310\2.15.2\jackson-datatype-jsr310-2.15.2.jar;C:\Users\lastrada\.m2\repository\com\fasterxml\jackson\jaxrs\jackson-jaxrs-json-provider\2.15.2\jackson-jaxrs-json-provider-2.15.2.jar;C:\Users\lastrada\.m2\repository\io\swagger\swagger-inflector\2.0.11\swagger-inflector-2.0.11.jar;C:\Users\lastrada\.m2\repository\org\glassfish\jersey\inject\jersey-hk2\2.40\jersey-hk2-2.40.jar;C:\Users\lastrada\.m2\repository\org\glassfish\jersey\core\jersey-common\2.40\jersey-common-2.40.jar;C:\Users\lastrada\.m2\repository\org\glassfish\hk2\osgi-resource-locator\1.0.3\osgi-resource-locator-1.0.3.jar;C:\Users\lastrada\.m2\repository\org\glassfish\hk2\hk2-locator\2.6.1\hk2-locator-2.6.1.jar;C:\Users\lastrada\.m2\repository\org\glassfish\hk2\external\aopalliance-repackaged\2.6.1\aopalliance-repackaged-2.6.1.jar;C:\Users\lastrada\.m2\repository\org\glassfish\hk2\hk2-api\2.6.1\hk2-api-2.6.1.jar;C:\Users\lastrada\.m2\repository\org\glassfish\hk2\hk2-utils\2.6.1\hk2-utils-2.6.1.jar;C:\Users\lastrada\.m2\repository\org\glassfish\jersey\core\jersey-server\2.40\jersey-server-2.40.jar;C:\Users\lastrada\.m2\repository\jakarta\ws\rs\jakarta.ws.rs-api\2.1.6\jakarta.ws.rs-api-2.1.6.jar;C:\Users\lastrada\.m2\repository\jakarta\annotation\jakarta.annotation-api\1.3.5\jakarta.annotation-api-1.3.5.jar;C:\Users\lastrada\.m2\repository\org\glassfish\hk2\external\jakarta.inject\2.6.1\jakarta.inject-2.6.1.jar;C:\Users\lastrada\.m2\repository\jakarta\validation\jakarta.validation-api\2.0.2\jakarta.validation-api-2.0.2.jar;C:\Users\lastrada\.m2\repository\org\glassfish\jersey\containers\jersey-container-servlet-core\2.40\jersey-container-servlet-core-2.40.jar;C:\Users\lastrada\.m2\repository\org\glassfish\jersey\media\jersey-media-multipart\2.40\jersey-media-multipart-2.40.jar;C:\Users\lastrada\.m2\repository\org\jvnet\mimepull\mimepull\1.9.15\mimepull-1.9.15.jar;C:\Users\lastrada\.m2\repository\org\glassfish\jersey\core\jersey-client\2.40\jersey-client-2.40.jar;C:\Users\lastrada\.m2\repository\ch\qos\logback\logback-classic\1.4.11\logback-classic-1.4.11.jar;C:\Users\lastrada\.m2\repository\ch\qos\logback\logback-core\1.4.11\logback-core-1.4.11.jar;C:\Users\lastrada\.m2\repository\org\slf4j\slf4j-ext\1.7.36\slf4j-ext-1.7.36.jar;C:\Users\lastrada\.m2\repository\org\slf4j\slf4j-api\1.7.36\slf4j-api-1.7.36.jar;C:\Users\lastrada\.m2\repository\org\apache\commons\commons-csv\1.10.0\commons-csv-1.10.0.jar;C:\Users\lastrada\.m2\repository\commons-io\commons-io\2.14.0\commons-io-2.14.0.jar;C:\Users\lastrada\.m2\repository\com\github\java-json-tools\json-schema-validator\2.2.14\json-schema-validator-2.2.14.jar;C:\Users\lastrada\.m2\repository\com\google\guava\guava\28.2-android\guava-28.2-android.jar;C:\Users\lastrada\.m2\repository\com\google\guava\failureaccess\1.0.1\failureaccess-1.0.1.jar;C:\Users\lastrada\.m2\repository\com\google\guava\listenablefuture\9999.0-empty-to-avoid-conflict-with-guava\listenablefuture-9999.0-empty-to-avoid-conflict-with-guava.jar;C:\Users\lastrada\.m2\repository\org\checkerframework\checker-compat-qual\2.5.5\checker-compat-qual-2.5.5.jar;C:\Users\lastrada\.m2\repository\com\google\errorprone\error_prone_annotations\2.3.4\error_prone_annotations-2.3.4.jar;C:\Users\lastrada\.m2\repository\com\google\j2objc\j2objc-annotations\1.3\j2objc-annotations-1.3.jar;C:\Users\lastrada\.m2\repository\com\github\java-json-tools\jackson-coreutils-equivalence\1.0\jackson-coreutils-equivalence-1.0.jar;C:\Users\lastrada\.m2\repository\com\github\java-json-tools\jackson-coreutils\2.0\jackson-coreutils-2.0.jar;C:\Users\lastrada\.m2\repository\com\github\java-json-tools\msg-simple\1.2\msg-simple-1.2.jar;C:\Users\lastrada\.m2\repository\com\github\java-json-tools\btf\1.3\btf-1.3.jar;C:\Users\lastrada\.m2\repository\com\github\java-json-tools\json-schema-core\1.2.14\json-schema-core-1.2.14.jar;C:\Users\lastrada\.m2\repository\com\github\java-json-tools\uri-template\0.10\uri-template-0.10.jar;C:\Users\lastrada\.m2\repository\org\mozilla\rhino\1.7.7.2\rhino-1.7.7.2.jar;C:\Users\lastrada\.m2\repository\com\sun\mail\mailapi\1.6.2\mailapi-1.6.2.jar;C:\Users\lastrada\.m2\repository\com\googlecode\libphonenumber\libphonenumber\8.11.1\libphonenumber-8.11.1.jar;C:\Users\lastrada\.m2\repository\com\google\code\findbugs\jsr305\3.0.2\jsr305-3.0.2.jar;C:\Users\lastrada\.m2\repository\net\sf\jopt-simple\jopt-simple\5.0.4\jopt-simple-5.0.4.jar;C:\Users\lastrada\.m2\repository\commons-fileupload\commons-fileupload\1.5\commons-fileupload-1.5.jar;C:\Users\lastrada\.m2\repository\org\apache\commons\commons-lang3\3.13.0\commons-lang3-3.13.0.jar;C:\Users\lastrada\.m2\repository\io\swagger\parser\v3\swagger-parser\2.1.21\swagger-parser-2.1.21.jar;C:\Users\lastrada\.m2\repository\io\swagger\parser\v3\swagger-parser-v2-converter\2.1.21\swagger-parser-v2-converter-2.1.21.jar;C:\Users\lastrada\.m2\repository\io\swagger\swagger-core\1.6.12\swagger-core-1.6.12.jar;C:\Users\lastrada\.m2\repository\io\swagger\swagger-models\1.6.12\swagger-models-1.6.12.jar;C:\Users\lastrada\.m2\repository\io\swagger\swagger-annotations\1.6.12\swagger-annotations-1.6.12.jar;C:\Users\lastrada\.m2\repository\io\swagger\swagger-parser\1.0.69\swagger-parser-1.0.69.jar;C:\Users\lastrada\.m2\repository\io\swagger\swagger-parser-safe-url-resolver\1.0.69\swagger-parser-safe-url-resolver-1.0.69.jar;C:\Users\lastrada\.m2\repository\io\swagger\swagger-compat-spec-parser\1.0.69\swagger-compat-spec-parser-1.0.69.jar;C:\Users\lastrada\.m2\repository\com\github\java-json-tools\json-patch\1.13\json-patch-1.13.jar;C:\Users\lastrada\.m2\repository\org\apache\httpcomponents\httpclient\4.5.14\httpclient-4.5.14.jar;C:\Users\lastrada\.m2\repository\org\apache\httpcomponents\httpcore\4.4.16\httpcore-4.4.16.jar;C:\Users\lastrada\.m2\repository\commons-logging\commons-logging\1.2\commons-logging-1.2.jar;C:\Users\lastrada\.m2\repository\commons-codec\commons-codec\1.11\commons-codec-1.11.jar;C:\Users\lastrada\.m2\repository\io\swagger\parser\v3\swagger-parser-core\2.1.21\swagger-parser-core-2.1.21.jar;C:\Users\lastrada\.m2\repository\io\swagger\parser\v3\swagger-parser-v3\2.1.21\swagger-parser-v3-2.1.21.jar;C:\Users\lastrada\.m2\repository\io\swagger\parser\v3\swagger-parser-safe-url-resolver\2.1.21\swagger-parser-safe-url-resolver-2.1.21.jar;"/>
    <property name="java.vm.vendor" value="Eclipse Adoptium"/>
    <property name="sun.arch.data.model" value="64"/>
    <property name="user.variant" value=""/>
    <property name="java.vendor.url" value="https://adoptium.net/"/>
    <property name="user.timezone" value="America/Buenos_Aires"/>
    <property name="java.vm.specification.version" value="11"/>
    <property name="os.name" value="Windows 11"/>
    <property name="sun.java.launcher" value="SUN_STANDARD"/>
    <property name="user.country" value="US"/>
    <property name="sun.boot.library.path" value="C:\Program Files\Eclipse Adoptium\jdk-11.0.24.8-hotspot\bin"/>
    <property name="sun.java.command" value="C:\Users\lastrada\AppData\Local\Temp\surefire10218374861982602800\surefirebooter-20240911154340126_3.jar C:\Users\lastrada\AppData\Local\Temp\surefire10218374861982602800 2024-09-11T15-43-40_016-jvmRun1 surefire-20240911154340126_1tmp surefire_0-20240911154340126_2tmp"/>
    <property name="jdk.debug" value="release"/>
    <property name="surefire.test.class.path" value="C:\Users\lastrada\Challenge-QA-Automation\Second-Task\swagger-petstore\target\test-classes;C:\Users\lastrada\Challenge-QA-Automation\Second-Task\swagger-petstore\target\classes;C:\Users\lastrada\.m2\repository\com\fasterxml\jackson\core\jackson-databind\2.16.1\jackson-databind-2.16.1.jar;C:\Users\lastrada\.m2\repository\com\fasterxml\jackson\core\jackson-core\2.16.1\jackson-core-2.16.1.jar;C:\Users\lastrada\.m2\repository\com\fasterxml\jackson\core\jackson-annotations\2.16.1\jackson-annotations-2.16.1.jar;C:\Users\lastrada\.m2\repository\com\fasterxml\jackson\jaxrs\jackson-jaxrs-yaml-provider\2.16.1\jackson-jaxrs-yaml-provider-2.16.1.jar;C:\Users\lastrada\.m2\repository\com\fasterxml\jackson\jaxrs\jackson-jaxrs-base\2.16.1\jackson-jaxrs-base-2.16.1.jar;C:\Users\lastrada\.m2\repository\com\fasterxml\jackson\dataformat\jackson-dataformat-yaml\2.16.1\jackson-dataformat-yaml-2.16.1.jar;C:\Users\lastrada\.m2\repository\com\fasterxml\jackson\module\jackson-module-jaxb-annotations\2.16.1\jackson-module-jaxb-annotations-2.16.1.jar;C:\Users\lastrada\.m2\repository\jakarta\xml\bind\jakarta.xml.bind-api\2.3.3\jakarta.xml.bind-api-2.3.3.jar;C:\Users\lastrada\.m2\repository\jakarta\activation\jakarta.activation-api\1.2.2\jakarta.activation-api-1.2.2.jar;C:\Users\lastrada\.m2\repository\com\fasterxml\jackson\jaxrs\jackson-jaxrs-xml-provider\2.16.1\jackson-jaxrs-xml-provider-2.16.1.jar;C:\Users\lastrada\.m2\repository\com\fasterxml\jackson\dataformat\jackson-dataformat-xml\2.16.1\jackson-dataformat-xml-2.16.1.jar;C:\Users\lastrada\.m2\repository\org\codehaus\woodstox\stax2-api\4.2.1\stax2-api-4.2.1.jar;C:\Users\lastrada\.m2\repository\com\fasterxml\woodstox\woodstox-core\6.5.1\woodstox-core-6.5.1.jar;C:\Users\lastrada\.m2\repository\com\fasterxml\jackson\datatype\jackson-datatype-joda\2.16.1\jackson-datatype-joda-2.16.1.jar;C:\Users\lastrada\.m2\repository\joda-time\joda-time\2.10.14\joda-time-2.10.14.jar;C:\Users\lastrada\.m2\repository\io\swagger\core\v3\swagger-jaxrs2\2.2.17\swagger-jaxrs2-2.2.17.jar;C:\Users\lastrada\.m2\repository\io\github\classgraph\classgraph\4.8.162\classgraph-4.8.162.jar;C:\Users\lastrada\.m2\repository\org\javassist\javassist\3.29.2-GA\javassist-3.29.2-GA.jar;C:\Users\lastrada\.m2\repository\io\swagger\core\v3\swagger-models\2.2.17\swagger-models-2.2.17.jar;C:\Users\lastrada\.m2\repository\org\yaml\snakeyaml\2.2\snakeyaml-2.2.jar;C:\Users\lastrada\.m2\repository\io\swagger\core\v3\swagger-annotations\2.2.17\swagger-annotations-2.2.17.jar;C:\Users\lastrada\.m2\repository\io\swagger\core\v3\swagger-integration\2.2.17\swagger-integration-2.2.17.jar;C:\Users\lastrada\.m2\repository\io\swagger\core\v3\swagger-core\2.2.17\swagger-core-2.2.17.jar;C:\Users\lastrada\.m2\repository\com\fasterxml\jackson\datatype\jackson-datatype-jsr310\2.15.2\jackson-datatype-jsr310-2.15.2.jar;C:\Users\lastrada\.m2\repository\com\fasterxml\jackson\jaxrs\jackson-jaxrs-json-provider\2.15.2\jackson-jaxrs-json-provider-2.15.2.jar;C:\Users\lastrada\.m2\repository\io\swagger\swagger-inflector\2.0.11\swagger-inflector-2.0.11.jar;C:\Users\lastrada\.m2\repository\org\glassfish\jersey\inject\jersey-hk2\2.40\jersey-hk2-2.40.jar;C:\Users\lastrada\.m2\repository\org\glassfish\jersey\core\jersey-common\2.40\jersey-common-2.40.jar;C:\Users\lastrada\.m2\repository\org\glassfish\hk2\osgi-resource-locator\1.0.3\osgi-resource-locator-1.0.3.jar;C:\Users\lastrada\.m2\repository\org\glassfish\hk2\hk2-locator\2.6.1\hk2-locator-2.6.1.jar;C:\Users\lastrada\.m2\repository\org\glassfish\hk2\external\aopalliance-repackaged\2.6.1\aopalliance-repackaged-2.6.1.jar;C:\Users\lastrada\.m2\repository\org\glassfish\hk2\hk2-api\2.6.1\hk2-api-2.6.1.jar;C:\Users\lastrada\.m2\repository\org\glassfish\hk2\hk2-utils\2.6.1\hk2-utils-2.6.1.jar;C:\Users\lastrada\.m2\repository\org\glassfish\jersey\core\jersey-server\2.40\jersey-server-2.40.jar;C:\Users\lastrada\.m2\repository\jakarta\ws\rs\jakarta.ws.rs-api\2.1.6\jakarta.ws.rs-api-2.1.6.jar;C:\Users\lastrada\.m2\repository\jakarta\annotation\jakarta.annotation-api\1.3.5\jakarta.annotation-api-1.3.5.jar;C:\Users\lastrada\.m2\repository\org\glassfish\hk2\external\jakarta.inject\2.6.1\jakarta.inject-2.6.1.jar;C:\Users\lastrada\.m2\repository\jakarta\validation\jakarta.validation-api\2.0.2\jakarta.validation-api-2.0.2.jar;C:\Users\lastrada\.m2\repository\org\glassfish\jersey\containers\jersey-container-servlet-core\2.40\jersey-container-servlet-core-2.40.jar;C:\Users\lastrada\.m2\repository\org\glassfish\jersey\media\jersey-media-multipart\2.40\jersey-media-multipart-2.40.jar;C:\Users\lastrada\.m2\repository\org\jvnet\mimepull\mimepull\1.9.15\mimepull-1.9.15.jar;C:\Users\lastrada\.m2\repository\org\glassfish\jersey\core\jersey-client\2.40\jersey-client-2.40.jar;C:\Users\lastrada\.m2\repository\ch\qos\logback\logback-classic\1.4.11\logback-classic-1.4.11.jar;C:\Users\lastrada\.m2\repository\ch\qos\logback\logback-core\1.4.11\logback-core-1.4.11.jar;C:\Users\lastrada\.m2\repository\org\slf4j\slf4j-ext\1.7.36\slf4j-ext-1.7.36.jar;C:\Users\lastrada\.m2\repository\org\slf4j\slf4j-api\1.7.36\slf4j-api-1.7.36.jar;C:\Users\lastrada\.m2\repository\org\apache\commons\commons-csv\1.10.0\commons-csv-1.10.0.jar;C:\Users\lastrada\.m2\repository\commons-io\commons-io\2.14.0\commons-io-2.14.0.jar;C:\Users\lastrada\.m2\repository\com\github\java-json-tools\json-schema-validator\2.2.14\json-schema-validator-2.2.14.jar;C:\Users\lastrada\.m2\repository\com\google\guava\guava\28.2-android\guava-28.2-android.jar;C:\Users\lastrada\.m2\repository\com\google\guava\failureaccess\1.0.1\failureaccess-1.0.1.jar;C:\Users\lastrada\.m2\repository\com\google\guava\listenablefuture\9999.0-empty-to-avoid-conflict-with-guava\listenablefuture-9999.0-empty-to-avoid-conflict-with-guava.jar;C:\Users\lastrada\.m2\repository\org\checkerframework\checker-compat-qual\2.5.5\checker-compat-qual-2.5.5.jar;C:\Users\lastrada\.m2\repository\com\google\errorprone\error_prone_annotations\2.3.4\error_prone_annotations-2.3.4.jar;C:\Users\lastrada\.m2\repository\com\google\j2objc\j2objc-annotations\1.3\j2objc-annotations-1.3.jar;C:\Users\lastrada\.m2\repository\com\github\java-json-tools\jackson-coreutils-equivalence\1.0\jackson-coreutils-equivalence-1.0.jar;C:\Users\lastrada\.m2\repository\com\github\java-json-tools\jackson-coreutils\2.0\jackson-coreutils-2.0.jar;C:\Users\lastrada\.m2\repository\com\github\java-json-tools\msg-simple\1.2\msg-simple-1.2.jar;C:\Users\lastrada\.m2\repository\com\github\java-json-tools\btf\1.3\btf-1.3.jar;C:\Users\lastrada\.m2\repository\com\github\java-json-tools\json-schema-core\1.2.14\json-schema-core-1.2.14.jar;C:\Users\lastrada\.m2\repository\com\github\java-json-tools\uri-template\0.10\uri-template-0.10.jar;C:\Users\lastrada\.m2\repository\org\mozilla\rhino\1.7.7.2\rhino-1.7.7.2.jar;C:\Users\lastrada\.m2\repository\com\sun\mail\mailapi\1.6.2\mailapi-1.6.2.jar;C:\Users\lastrada\.m2\repository\com\googlecode\libphonenumber\libphonenumber\8.11.1\libphonenumber-8.11.1.jar;C:\Users\lastrada\.m2\repository\com\google\code\findbugs\jsr305\3.0.2\jsr305-3.0.2.jar;C:\Users\lastrada\.m2\repository\net\sf\jopt-simple\jopt-simple\5.0.4\jopt-simple-5.0.4.jar;C:\Users\lastrada\.m2\repository\commons-fileupload\commons-fileupload\1.5\commons-fileupload-1.5.jar;C:\Users\lastrada\.m2\repository\org\apache\commons\commons-lang3\3.13.0\commons-lang3-3.13.0.jar;C:\Users\lastrada\.m2\repository\io\swagger\parser\v3\swagger-parser\2.1.21\swagger-parser-2.1.21.jar;C:\Users\lastrada\.m2\repository\io\swagger\parser\v3\swagger-parser-v2-converter\2.1.21\swagger-parser-v2-converter-2.1.21.jar;C:\Users\lastrada\.m2\repository\io\swagger\swagger-core\1.6.12\swagger-core-1.6.12.jar;C:\Users\lastrada\.m2\repository\io\swagger\swagger-models\1.6.12\swagger-models-1.6.12.jar;C:\Users\lastrada\.m2\repository\io\swagger\swagger-annotations\1.6.12\swagger-annotations-1.6.12.jar;C:\Users\lastrada\.m2\repository\io\swagger\swagger-parser\1.0.69\swagger-parser-1.0.69.jar;C:\Users\lastrada\.m2\repository\io\swagger\swagger-parser-safe-url-resolver\1.0.69\swagger-parser-safe-url-resolver-1.0.69.jar;C:\Users\lastrada\.m2\repository\io\swagger\swagger-compat-spec-parser\1.0.69\swagger-compat-spec-parser-1.0.69.jar;C:\Users\lastrada\.m2\repository\com\github\java-json-tools\json-patch\1.13\json-patch-1.13.jar;C:\Users\lastrada\.m2\repository\org\apache\httpcomponents\httpclient\4.5.14\httpclient-4.5.14.jar;C:\Users\lastrada\.m2\repository\org\apache\httpcomponents\httpcore\4.4.16\httpcore-4.4.16.jar;C:\Users\lastrada\.m2\repository\commons-logging\commons-logging\1.2\commons-logging-1.2.jar;C:\Users\lastrada\.m2\repository\commons-codec\commons-codec\1.11\commons-codec-1.11.jar;C:\Users\lastrada\.m2\repository\io\swagger\parser\v3\swagger-parser-core\2.1.21\swagger-parser-core-2.1.21.jar;C:\Users\lastrada\.m2\repository\io\swagger\parser\v3\swagger-parser-v3\2.1.21\swagger-parser-v3-2.1.21.jar;C:\Users\lastrada\.m2\repository\io\swagger\parser\v3\swagger-parser-safe-url-resolver\2.1.21\swagger-parser-safe-url-resolver-2.1.21.jar;"/>
    <property name="sun.cpu.endian" value="little"/>
    <property name="user.home" value="C:\Users\lastrada"/>
    <property name="user.language" value="en"/>
    <property name="java.specification.vendor" value="Oracle Corporation"/>
    <property name="java.version.date" value="2024-07-16"/>
    <property name="java.home" value="C:\Program Files\Eclipse Adoptium\jdk-11.0.24.8-hotspot"/>
    <property name="file.separator" value="\"/>
    <property name="basedir" value="C:\Users\lastrada\Challenge-QA-Automation\Second-Task\swagger-petstore"/>
    <property name="java.vm.compressedOopsMode" value="Zero based"/>
    <property name="line.separator" value="&#10;"/>
    <property name="java.specification.name" value="Java Platform API Specification"/>
    <property name="java.vm.specification.vendor" value="Oracle Corporation"/>
    <property name="java.awt.graphicsenv" value="sun.awt.Win32GraphicsEnvironment"/>
    <property name="surefire.real.class.path" value="C:\Users\lastrada\AppData\Local\Temp\surefire10218374861982602800\surefirebooter-20240911154340126_3.jar"/>
    <property name="user.script" value=""/>
    <property name="sun.management.compiler" value="HotSpot 64-Bit Tiered Compilers"/>
    <property name="java.runtime.version" value="11.0.24+8"/>
    <property name="user.name" value="lastrada"/>
    <property name="path.separator" value=";"/>
    <property name="os.version" value="10.0"/>
    <property name="java.runtime.name" value="OpenJDK Runtime Environment"/>
    <property name="file.encoding" value="Cp1252"/>
    <property name="java.vm.name" value="OpenJDK 64-Bit Server VM"/>
    <property name="java.vendor.version" value="Temurin-11.0.24+8"/>
    <property name="localRepository" value="C:\Users\lastrada\.m2\repository"/>
    <property name="java.vendor.url.bug" value="https://github.com/adoptium/adoptium-support/issues"/>
    <property name="java.io.tmpdir" value="C:\Users\lastrada\AppData\Local\Temp\"/>
    <property name="java.version" value="11.0.24"/>
    <property name="user.dir" value="C:\Users\lastrada\Challenge-QA-Automation\Second-Task\swagger-petstore"/>
    <property name="os.arch" value="amd64"/>
    <property name="java.vm.specification.name" value="Java Virtual Machine Specification"/>
    <property name="java.awt.printerjob" value="sun.awt.windows.WPrinterJob"/>
    <property name="sun.os.patch.level" value=""/>
    <property name="java.library.path" value="C:\Program Files\Eclipse Adoptium\jdk-11.0.24.8-hotspot\bin;C:\WINDOWS\Sun\Java\bin;C:\WINDOWS\system32;C:\WINDOWS;C:\Program Files\Eclipse Adoptium\jdk-11.0.24.8-hotspot\bin;C:\Windows\system32;C:\Windows;C:\Windows\System32\Wbem;C:\Windows\System32\WindowsPowerShell\v1.0\;C:\Windows\System32\OpenSSH\;C:\Program Files\WindowsPowerShell\Scripts;C:\Program Files\Git\cmd;C:\Program Files\nodejs\;C:\WINDOWS\system32;C:\WINDOWS;C:\WINDOWS\System32\Wbem;C:\WINDOWS\System32\WindowsPowerShell\v1.0\;C:\WINDOWS\System32\OpenSSH\;C:\Program Files\k6\;C:\Users\lastrada\AppData\Local\Microsoft\WindowsApps;C:\Users\lastrada\AppData\Local\atom\bin;C:\Users\lastrada\AppData\Local\Programs\Microsoft VS Code\bin;C:\Users\lastrada\AppData\Roaming\npm;C:\Users\lastrada\AppData\Local\Microsoft\WindowsApps;C:\Program Files\Eclipse Adoptium\jdk-11.0.24.8-hotspot\bin;C:\Program Files\Apache\maven\bin;;."/>
    <property name="java.vm.info" value="mixed mode"/>
    <property name="java.vendor" value="Eclipse Adoptium"/>
    <property name="java.vm.version" value="11.0.24+8"/>
    <property name="java.specification.maintenance.version" value="2"/>
    <property name="sun.io.unicode.encoding" value="UnicodeLittle"/>
    <property name="java.class.version" value="55.0"/>
  </properties>
</testsuite>